[debug] [2023-03-13T07:40:59.514Z] ----------------------------------------------------------------------
[debug] [2023-03-13T07:40:59.515Z] Command:       /Users/onishitaisei/.nodebrew/node/v16.14.2/bin/node /Users/onishitaisei/.nodebrew/current/bin/firebase deploy
[debug] [2023-03-13T07:40:59.515Z] CLI Version:   11.24.1
[debug] [2023-03-13T07:40:59.515Z] Platform:      darwin
[debug] [2023-03-13T07:40:59.515Z] Node Version:  v16.14.2
[debug] [2023-03-13T07:40:59.516Z] Time:          Mon Mar 13 2023 16:40:59 GMT+0900 (Japan Standard Time)
[debug] [2023-03-13T07:40:59.516Z] ----------------------------------------------------------------------
[debug] 
[debug] [2023-03-13T07:40:59.550Z] > command requires scopes: ["email","openid","https://www.googleapis.com/auth/cloudplatformprojects.readonly","https://www.googleapis.com/auth/firebase","https://www.googleapis.com/auth/cloud-platform"]
[debug] [2023-03-13T07:40:59.550Z] > authorizing via signed-in user (taisei.developer@gmail.com)
[debug] [2023-03-13T07:40:59.550Z] [iam] checking project trip-tonic-dev for permissions ["cloudfunctions.functions.create","cloudfunctions.functions.delete","cloudfunctions.functions.get","cloudfunctions.functions.list","cloudfunctions.functions.update","cloudfunctions.operations.get","firebase.projects.get"]
[debug] [2023-03-13T07:40:59.552Z] >>> [apiv2][query] POST https://cloudresourcemanager.googleapis.com/v1/projects/trip-tonic-dev:testIamPermissions [none]
[debug] [2023-03-13T07:40:59.552Z] >>> [apiv2][(partial)header] POST https://cloudresourcemanager.googleapis.com/v1/projects/trip-tonic-dev:testIamPermissions x-goog-quota-user=projects/trip-tonic-dev
[debug] [2023-03-13T07:40:59.552Z] >>> [apiv2][body] POST https://cloudresourcemanager.googleapis.com/v1/projects/trip-tonic-dev:testIamPermissions {"permissions":["cloudfunctions.functions.create","cloudfunctions.functions.delete","cloudfunctions.functions.get","cloudfunctions.functions.list","cloudfunctions.functions.update","cloudfunctions.operations.get","firebase.projects.get"]}
[debug] [2023-03-13T07:41:00.419Z] <<< [apiv2][status] POST https://cloudresourcemanager.googleapis.com/v1/projects/trip-tonic-dev:testIamPermissions 200
[debug] [2023-03-13T07:41:00.420Z] <<< [apiv2][body] POST https://cloudresourcemanager.googleapis.com/v1/projects/trip-tonic-dev:testIamPermissions {"permissions":["cloudfunctions.functions.create","cloudfunctions.functions.delete","cloudfunctions.functions.get","cloudfunctions.functions.list","cloudfunctions.functions.update","cloudfunctions.operations.get","firebase.projects.get"]}
[debug] [2023-03-13T07:41:00.420Z] >>> [apiv2][query] POST https://iam.googleapis.com/v1/projects/trip-tonic-dev/serviceAccounts/trip-tonic-dev@appspot.gserviceaccount.com:testIamPermissions [none]
[debug] [2023-03-13T07:41:00.420Z] >>> [apiv2][body] POST https://iam.googleapis.com/v1/projects/trip-tonic-dev/serviceAccounts/trip-tonic-dev@appspot.gserviceaccount.com:testIamPermissions {"permissions":["iam.serviceAccounts.actAs"]}
[debug] [2023-03-13T07:41:01.311Z] <<< [apiv2][status] POST https://iam.googleapis.com/v1/projects/trip-tonic-dev/serviceAccounts/trip-tonic-dev@appspot.gserviceaccount.com:testIamPermissions 200
[debug] [2023-03-13T07:41:01.311Z] <<< [apiv2][body] POST https://iam.googleapis.com/v1/projects/trip-tonic-dev/serviceAccounts/trip-tonic-dev@appspot.gserviceaccount.com:testIamPermissions {"permissions":["iam.serviceAccounts.actAs"]}
[info] 
[info] === Deploying to 'trip-tonic-dev'...
[info] 
[info] i  deploying functions 
[info] Running command: npm --prefix "$RESOURCE_DIR" run lint
[info] Running command: npm --prefix "$RESOURCE_DIR" run build
[info] ✔  functions: Finished running predeploy script. 
[debug] [2023-03-13T07:41:08.078Z] >>> [apiv2][query] GET https://firebase.googleapis.com/v1beta1/projects/trip-tonic-dev [none]
[debug] [2023-03-13T07:41:08.733Z] <<< [apiv2][status] GET https://firebase.googleapis.com/v1beta1/projects/trip-tonic-dev 200
[debug] [2023-03-13T07:41:08.733Z] <<< [apiv2][body] GET https://firebase.googleapis.com/v1beta1/projects/trip-tonic-dev {"projectId":"trip-tonic-dev","projectNumber":"334405859719","displayName":"trip-tonic-dev","name":"projects/trip-tonic-dev","resources":{"hostingSite":"trip-tonic-dev"},"state":"ACTIVE","etag":"1_0e3d6572-d3c3-418d-ad81-31cf118e0e42"}
[info] i  functions: preparing codebase default for deployment 
[info] i  functions: ensuring required API cloudfunctions.googleapis.com is enabled... 
[info] i  functions: ensuring required API cloudbuild.googleapis.com is enabled... 
[info] i  artifactregistry: ensuring required API artifactregistry.googleapis.com is enabled... 
[debug] [2023-03-13T07:41:08.734Z] >>> [apiv2][query] GET https://serviceusage.googleapis.com/v1/projects/trip-tonic-dev/services/cloudfunctions.googleapis.com [none]
[debug] [2023-03-13T07:41:08.734Z] >>> [apiv2][(partial)header] GET https://serviceusage.googleapis.com/v1/projects/trip-tonic-dev/services/cloudfunctions.googleapis.com x-goog-quota-user=projects/trip-tonic-dev
[debug] [2023-03-13T07:41:08.735Z] >>> [apiv2][query] GET https://serviceusage.googleapis.com/v1/projects/trip-tonic-dev/services/runtimeconfig.googleapis.com [none]
[debug] [2023-03-13T07:41:08.735Z] >>> [apiv2][(partial)header] GET https://serviceusage.googleapis.com/v1/projects/trip-tonic-dev/services/runtimeconfig.googleapis.com x-goog-quota-user=projects/trip-tonic-dev
[debug] [2023-03-13T07:41:08.735Z] >>> [apiv2][query] GET https://serviceusage.googleapis.com/v1/projects/trip-tonic-dev/services/cloudbuild.googleapis.com [none]
[debug] [2023-03-13T07:41:08.735Z] >>> [apiv2][(partial)header] GET https://serviceusage.googleapis.com/v1/projects/trip-tonic-dev/services/cloudbuild.googleapis.com x-goog-quota-user=projects/trip-tonic-dev
[debug] [2023-03-13T07:41:08.735Z] >>> [apiv2][query] GET https://serviceusage.googleapis.com/v1/projects/trip-tonic-dev/services/artifactregistry.googleapis.com [none]
[debug] [2023-03-13T07:41:08.735Z] >>> [apiv2][(partial)header] GET https://serviceusage.googleapis.com/v1/projects/trip-tonic-dev/services/artifactregistry.googleapis.com x-goog-quota-user=projects/trip-tonic-dev
[debug] [2023-03-13T07:41:09.999Z] <<< [apiv2][status] GET https://serviceusage.googleapis.com/v1/projects/trip-tonic-dev/services/cloudbuild.googleapis.com 200
[debug] [2023-03-13T07:41:09.999Z] <<< [apiv2][body] GET https://serviceusage.googleapis.com/v1/projects/trip-tonic-dev/services/cloudbuild.googleapis.com [omitted]
[info] ✔  functions: required API cloudbuild.googleapis.com is enabled 
[debug] [2023-03-13T07:41:10.019Z] <<< [apiv2][status] GET https://serviceusage.googleapis.com/v1/projects/trip-tonic-dev/services/cloudfunctions.googleapis.com 200
[debug] [2023-03-13T07:41:10.020Z] <<< [apiv2][body] GET https://serviceusage.googleapis.com/v1/projects/trip-tonic-dev/services/cloudfunctions.googleapis.com [omitted]
[info] ✔  functions: required API cloudfunctions.googleapis.com is enabled 
[debug] [2023-03-13T07:41:10.053Z] <<< [apiv2][status] GET https://serviceusage.googleapis.com/v1/projects/trip-tonic-dev/services/artifactregistry.googleapis.com 200
[debug] [2023-03-13T07:41:10.053Z] <<< [apiv2][body] GET https://serviceusage.googleapis.com/v1/projects/trip-tonic-dev/services/artifactregistry.googleapis.com [omitted]
[info] ✔  artifactregistry: required API artifactregistry.googleapis.com is enabled 
[debug] [2023-03-13T07:41:10.056Z] <<< [apiv2][status] GET https://serviceusage.googleapis.com/v1/projects/trip-tonic-dev/services/runtimeconfig.googleapis.com 200
[debug] [2023-03-13T07:41:10.056Z] <<< [apiv2][body] GET https://serviceusage.googleapis.com/v1/projects/trip-tonic-dev/services/runtimeconfig.googleapis.com [omitted]
[debug] [2023-03-13T07:41:10.057Z] >>> [apiv2][query] GET https://firebase.googleapis.com/v1beta1/projects/trip-tonic-dev/adminSdkConfig [none]
[debug] [2023-03-13T07:41:10.588Z] <<< [apiv2][status] GET https://firebase.googleapis.com/v1beta1/projects/trip-tonic-dev/adminSdkConfig 200
[debug] [2023-03-13T07:41:10.588Z] <<< [apiv2][body] GET https://firebase.googleapis.com/v1beta1/projects/trip-tonic-dev/adminSdkConfig {"projectId":"trip-tonic-dev","storageBucket":"trip-tonic-dev.appspot.com"}
[debug] [2023-03-13T07:41:10.588Z] >>> [apiv2][query] GET https://runtimeconfig.googleapis.com/v1beta1/projects/trip-tonic-dev/configs [none]
[debug] [2023-03-13T07:41:11.344Z] <<< [apiv2][status] GET https://runtimeconfig.googleapis.com/v1beta1/projects/trip-tonic-dev/configs 200
[debug] [2023-03-13T07:41:11.345Z] <<< [apiv2][body] GET https://runtimeconfig.googleapis.com/v1beta1/projects/trip-tonic-dev/configs {}
[debug] [2023-03-13T07:41:11.347Z] Validating nodejs source
[debug] [2023-03-13T07:41:12.110Z] > [functions] package.json contents: {
  "name": "functions",
  "scripts": {
    "lint": "eslint --ext .js,.ts .",
    "build": "tsc",
    "build:watch": "tsc --watch",
    "serve": "npm run build && firebase emulators:start --only functions",
    "shell": "npm run build && firebase functions:shell",
    "start": "npm run shell",
    "deploy": "firebase deploy --only functions",
    "logs": "firebase functions:log"
  },
  "engines": {
    "node": "16"
  },
  "main": "lib/index.js",
  "dependencies": {
    "firebase-admin": "^11.5.0",
    "firebase-functions": "^4.2.0"
  },
  "devDependencies": {
    "@typescript-eslint/eslint-plugin": "^5.12.0",
    "@typescript-eslint/parser": "^5.12.0",
    "eslint": "^8.9.0",
    "eslint-config-google": "^0.14.0",
    "eslint-plugin-import": "^2.25.4",
    "firebase-functions-test": "^3.0.0",
    "typescript": "^4.9.0"
  },
  "private": true
}
[debug] [2023-03-13T07:41:12.111Z] Building nodejs source
[debug] [2023-03-13T07:41:12.111Z] Could not find functions.yaml. Must use http discovery
[debug] [2023-03-13T07:41:12.117Z] Found firebase-functions binary at '/Users/onishitaisei/workspace/product/trip_tonic_server/functions/node_modules/.bin/firebase-functions'
[debug] [2023-03-13T07:41:12.265Z] Serving at port 8574

[debug] [2023-03-13T07:41:12.595Z] Got response from /__/functions.yaml {"endpoints":{},"specVersion":"v1alpha1","requiredAPIs":[]}
[debug] [2023-03-13T07:41:12.888Z] FetchError: request to http://localhost:8574/__/quitquitquit failed, reason: read ECONNRESET
    at ClientRequest.<anonymous> (/Users/onishitaisei/.nodebrew/node/v16.14.2/lib/node_modules/firebase-tools/node_modules/node-fetch/lib/index.js:1491:11)
    at ClientRequest.emit (node:events:526:28)
    at ClientRequest.emit (node:domain:475:12)
    at Socket.socketErrorListener (node:_http_client:442:9)
    at Socket.emit (node:events:526:28)
    at Socket.emit (node:domain:475:12)
    at emitErrorNT (node:internal/streams/destroy:157:8)
    at emitErrorCloseNT (node:internal/streams/destroy:122:3)
    at processTicksAndRejections (node:internal/process/task_queues:83:21)
[error] 
[error] Error: An unexpected error has occurred.
